GP Algorithm has started
Start Epoch 1
Offsprings generated
Fitness offspring has been calculated
Best individual(fitness + accuracy) 3981.0 0.47012463343108507 vs 0.7
*******************
Start Epoch 2
Offsprings generated
Fitness offspring has been calculated
Best individual(fitness + accuracy) 3981.0 0.47012463343108507 vs 0.7
*******************
Start Epoch 3
Offsprings generated
Fitness offspring has been calculated
Best individual(fitness + accuracy) 3981.0 0.47012463343108507 vs 0.7
*******************
Start Epoch 4
Offsprings generated
Fitness offspring has been calculated
Best individual(fitness + accuracy) 3493.0 0.47324046920821117 vs 0.7
*******************
Start Epoch 5
Offsprings generated
Fitness offspring has been calculated
Best individual(fitness + accuracy) 3204.0 0.49138563049853373 vs 0.7
*******************
Start Epoch 6
Offsprings generated
Fitness offspring has been calculated
Best individual(fitness + accuracy) 2841.0 0.5914589442815249 vs 0.7
*******************
Start Epoch 7
Offsprings generated
Fitness offspring has been calculated
Best individual(fitness + accuracy) 2729.0 0.6000733137829912 vs 0.7
*******************
Start Epoch 8
Offsprings generated
Fitness offspring has been calculated
Best individual(fitness + accuracy) 2729.0 0.6000733137829912 vs 0.7
*******************
Start Epoch 9
Offsprings generated
Fitness offspring has been calculated
Best individual(fitness + accuracy) 2556.0 0.6090542521994134 vs 0.7
*******************
Start Epoch 10
Offsprings generated
Fitness offspring has been calculated
Best individual(fitness + accuracy) 2523.0 0.6206011730205279 vs 0.7
*******************
Start Epoch 11
Offsprings generated
Fitness offspring has been calculated
Best individual(fitness + accuracy) 2523.0 0.6206011730205279 vs 0.7
*******************
Start Epoch 12
Offsprings generated
Fitness offspring has been calculated
Best individual(fitness + accuracy) 2523.0 0.6206011730205279 vs 0.7
*******************
Start Epoch 13
Offsprings generated
Fitness offspring has been calculated
Best individual(fitness + accuracy) 2377.0 0.6217008797653959 vs 0.7
*******************
Start Epoch 14
Offsprings generated
Fitness offspring has been calculated
Best individual(fitness + accuracy) 2367.0 0.625 vs 0.7
*******************
Start Epoch 15
Offsprings generated
Fitness offspring has been calculated
Best individual(fitness + accuracy) 2354.0 0.6251832844574781 vs 0.7
*******************
Start Epoch 16
Offsprings generated
Fitness offspring has been calculated
Best individual(fitness + accuracy) 2348.0 0.626099706744868 vs 0.7
*******************
Start Epoch 17
Offsprings generated
Fitness offspring has been calculated
Best individual(fitness + accuracy) 2348.0 0.626099706744868 vs 0.7
*******************
Start Epoch 18
Offsprings generated
Fitness offspring has been calculated
Best individual(fitness + accuracy) 2347.0 0.6262829912023461 vs 0.7
*******************
Start Epoch 19
Offsprings generated
Fitness offspring has been calculated
Best individual(fitness + accuracy) 2344.0 0.6270161290322581 vs 0.7
*******************
Start Epoch 20
Offsprings generated
Fitness offspring has been calculated
Best individual(fitness + accuracy) 2344.0 0.6270161290322581 vs 0.7
*******************
Start Epoch 21
Offsprings generated
Fitness offspring has been calculated
Best individual(fitness + accuracy) 2344.0 0.6270161290322581 vs 0.7
*******************
Start Epoch 22
Offsprings generated
Fitness offspring has been calculated
Best individual(fitness + accuracy) 2344.0 0.6270161290322581 vs 0.7
*******************
Start Epoch 23
Offsprings generated
Fitness offspring has been calculated
Best individual(fitness + accuracy) 2344.0 0.6270161290322581 vs 0.7
*******************
Start Epoch 24
Offsprings generated
Fitness offspring has been calculated
Best individual(fitness + accuracy) 2344.0 0.6270161290322581 vs 0.7
*******************
Start Epoch 25
Offsprings generated
Fitness offspring has been calculated
Best individual(fitness + accuracy) 2330.0 0.6273826979472141 vs 0.7
Start Epoch 26
Offsprings generated
Fitness offspring has been calculated
Best individual(fitness + accuracy) 2305.0 0.6473826979472141 vs 0.7
Start Epoch 27
Offsprings generated
Fitness offspring has been calculated
Best individual(fitness + accuracy) 2250.0 0.6773826979477682 vs 0.7
Start Epoch 28
Offsprings generated
Fitness offspring has been calculated
Best individual(fitness + accuracy) 2330.0 0.6814526979472141 vs 0.7
Start Epoch 29
Offsprings generated
Fitness offspring has been calculated
Best individual(fitness + accuracy) 2226.0 0.6917375366568915 vs 0.7
0*45*45-10504545-1050*45-10504545-1059090-105*sin45sin45sin4545sin45sin45454545sin4545sin45sin4545sin45sin454545454545sin45sin45sin45sinsin45sin45sin--10545sin45sin-----45sin45sin-sinsin4545sin45sin45454545sin45sin-45sin90-105*sin45sin45sin45sin----04545-1050*45-10504545-1059090-105*sin45sin45sin45454545sin45sin-45sin90-105*sin45sin45sin4545sin--45sin45sin45sin45sinsin-sin
2226.0, 0.6917375366568915